0 info it worked if it ends with ok
1 verbose cli [ '/usr/local/bin/node', '/usr/local/bin/npm', 'link' ]
2 info using npm@3.8.6
3 info using node@v4.4.0
4 verbose linkPkg /Users/robert/Desktop/rob/gistHub
5 silly gentlyRm /usr/local/lib/node_modules/gist-hub is being purged
6 verbose gentlyRm don't care about contents; nuking /usr/local/lib/node_modules/gist-hub
7 silly vacuum-fs purging /usr/local/lib/node_modules/gist-hub
8 verbose stack Error: EACCES: permission denied, unlink '/usr/local/lib/node_modules/gist-hub'
8 verbose stack     at Error (native)
9 verbose cwd /Users/robert/Desktop/rob/gistHub
10 error Darwin 15.3.0
11 error argv "/usr/local/bin/node" "/usr/local/bin/npm" "link"
12 error node v4.4.0
13 error npm  v3.8.6
14 error path /usr/local/lib/node_modules/gist-hub
15 error code EACCES
16 error errno -13
17 error syscall unlink
18 error Error: EACCES: permission denied, unlink '/usr/local/lib/node_modules/gist-hub'
18 error     at Error (native)
18 error  { [Error: EACCES: permission denied, unlink '/usr/local/lib/node_modules/gist-hub']
18 error   errno: -13,
18 error   code: 'EACCES',
18 error   syscall: 'unlink',
18 error   path: '/usr/local/lib/node_modules/gist-hub' }
19 error Please try running this command again as root/Administrator.
20 verbose exit [ -13, true ]
